<?xml version="1.0" encoding="UTF-8"?>
<robot generator="Robot 7.2.2 (Python 3.12.3 on linux)" generated="2025-03-05T15:13:40.434446" rpa="false" schemaversion="5">
<suite id="s1" name="Tests" source="/home/camilo/code/robot-framework-test/tests">
<suite id="s1-s1" name="Selenium" source="/home/camilo/code/robot-framework-test/tests/selenium.robot">
<test id="s1-s1-t1" name="Habilitate User For Electronic Documents" line="9">
<kw name="Open Browser To Login Page">
<kw name="Open Browser" owner="SeleniumLibrary">
<msg time="2025-03-05T15:13:40.584853" level="INFO">Opening browser 'chrome' to base url 'https://catalogo-vpfe-hab.dian.gov.co/User/AuthToken?pk=10910094%7C1005259188&amp;rk=1005259188&amp;token=bfbf0ddc-98de-472a-890a-cdf3a9594a0d'.</msg>
<arg>${URL}</arg>
<arg>${BROWSER}</arg>
<doc>Opens a new browser instance to the optional ``url``.</doc>
<status status="PASS" start="2025-03-05T15:13:40.584668" elapsed="3.444034"/>
</kw>
<status status="PASS" start="2025-03-05T15:13:40.584143" elapsed="3.444768"/>
</kw>
<kw name="Sleep" owner="BuiltIn">
<msg time="2025-03-05T15:13:46.029689" level="INFO">Slept 2 seconds.</msg>
<arg>2s</arg>
<doc>Pauses the test executed for the given time.</doc>
<status status="PASS" start="2025-03-05T15:13:44.029100" elapsed="2.000824"/>
</kw>
<kw name="Navigate To Contributor Register Page">
<kw name="Wait Until Element Is Visible" owner="SeleniumLibrary">
<arg>xpath=//*[contains(text(), "Registro y habilitación")]</arg>
<arg>timeout=10s</arg>
<doc>Waits until the element ``locator`` is visible.</doc>
<status status="PASS" start="2025-03-05T15:13:46.030939" elapsed="0.031386"/>
</kw>
<kw name="Click Element" owner="SeleniumLibrary">
<msg time="2025-03-05T15:13:46.062632" level="INFO">Clicking element 'xpath=//*[contains(text(), "Registro y habilitación")]'.</msg>
<arg>xpath=//*[contains(text(), "Registro y habilitación")]</arg>
<doc>Click the element identified by ``locator``.</doc>
<status status="PASS" start="2025-03-05T15:13:46.062462" elapsed="0.062933"/>
</kw>
<kw name="Wait Until Element Is Visible" owner="SeleniumLibrary">
<arg>xpath=//*[contains(text(), "Documentos electrónicos")]</arg>
<arg>timeout=10s</arg>
<doc>Waits until the element ``locator`` is visible.</doc>
<status status="PASS" start="2025-03-05T15:13:46.125602" elapsed="0.468354"/>
</kw>
<kw name="Click Element" owner="SeleniumLibrary">
<msg time="2025-03-05T15:13:46.594251" level="INFO">Clicking element 'xpath=//*[contains(text(), "Documentos electrónicos")]'.</msg>
<arg>xpath=//*[contains(text(), "Documentos electrónicos")]</arg>
<doc>Click the element identified by ``locator``.</doc>
<status status="PASS" start="2025-03-05T15:13:46.594100" elapsed="0.491862"/>
</kw>
<status status="PASS" start="2025-03-05T15:13:46.030447" elapsed="1.055645"/>
</kw>
<status status="PASS" start="2025-03-05T15:13:40.583612" elapsed="6.502600"/>
</test>
<status status="PASS" start="2025-03-05T15:13:40.448079" elapsed="6.638544"/>
</suite>
<status status="PASS" start="2025-03-05T15:13:40.434973" elapsed="6.652172"/>
</suite>
<statistics>
<total>
<stat pass="1" fail="0" skip="0">All Tests</stat>
</total>
<tag>
</tag>
<suite>
<stat name="Tests" id="s1" pass="1" fail="0" skip="0">Tests</stat>
<stat name="Selenium" id="s1-s1" pass="1" fail="0" skip="0">Tests.Selenium</stat>
</suite>
</statistics>
<errors>
</errors>
</robot>
